C:\USERS\PAMELA\DESKTOP\SOLARSIM3D-0.2\DEBUG\SOLARSIM3D-0.2.EXE
C:\USERS\PAMELA\DESKTOP\SOLARSIM3D-0.2\DEBUG\SOLARSIM3D-0.2.ILK
C:\USERS\PAMELA\DESKTOP\SOLARSIM3D-0.2\DEBUG\SOLARSIM3D-0.2.PDB
C:\USERS\PAMELA\DESKTOP\SOLARSIM3D-0.2\SRC\DEBUG\AGVIEWER.OBJ
C:\USERS\PAMELA\DESKTOP\SOLARSIM3D-0.2\SRC\DEBUG\AVIFILE.OBJ
C:\Users\Pamela\Desktop\SolarSim3D-0.2\src\Debug\cl.command.1.tlog
C:\Users\Pamela\Desktop\SolarSim3D-0.2\src\Debug\CL.read.1.tlog
C:\Users\Pamela\Desktop\SolarSim3D-0.2\src\Debug\CL.write.1.tlog
C:\Users\Pamela\Desktop\SolarSim3D-0.2\src\Debug\link.command.1.tlog
C:\Users\Pamela\Desktop\SolarSim3D-0.2\src\Debug\link.read.1.tlog
C:\Users\Pamela\Desktop\SolarSim3D-0.2\src\Debug\link.write.1.tlog
C:\USERS\PAMELA\DESKTOP\SOLARSIM3D-0.2\SRC\DEBUG\MAIN.OBJ
C:\USERS\PAMELA\DESKTOP\SOLARSIM3D-0.2\SRC\DEBUG\MOON.OBJ
C:\Users\Pamela\Desktop\SolarSim3D-0.2\src\Debug\mt.command.1.tlog
C:\Users\Pamela\Desktop\SolarSim3D-0.2\src\Debug\mt.read.1.tlog
C:\Users\Pamela\Desktop\SolarSim3D-0.2\src\Debug\mt.write.1.tlog
C:\USERS\PAMELA\DESKTOP\SOLARSIM3D-0.2\SRC\DEBUG\PLANET.OBJ
C:\USERS\PAMELA\DESKTOP\SOLARSIM3D-0.2\SRC\DEBUG\SOLARSIM3D-0.2.EXE.INTERMEDIATE.MANIFEST
C:\Users\Pamela\Desktop\SolarSim3D-0.2\src\Debug\vc100.idb
C:\USERS\PAMELA\DESKTOP\SOLARSIM3D-0.2\SRC\DEBUG\VC100.PDB
